# JRE version: Java(TM) SE Runtime Environment (17.0.8+9) (build 17.0.8+9-LTS-211)
# Java VM: Java HotSpot(TM) 64-Bit Server VM (17.0.8+9-LTS-211, mixed mode, sharing, tiered, compressed oops, compressed class ptrs, g1 gc, windows-amd64)
GC Precious Log:
 CPUs: 8 total, 8 available
 Memory: 7116M
 Large Page Support: Disabled
 NUMA Support: Disabled
 Compressed Oops: Enabled (32-bit)
 Heap Region Size: 1M
 Heap Min Capacity: 8M
 Heap Initial Capacity: 112M
 Heap Max Capacity: 1780M
 Pre-touch: Disabled
 Parallel Workers: 8
 Concurrent Workers: 2
 Concurrent Refinement Workers: 8
 Periodic GC: Disabled
Heap:
 garbage-first heap   total 133120K, used 34235K [0x0000000090c00000, 0x0000000100000000)
  region size 1024K, 1 young (1024K), 1 survivors (1024K)
 Metaspace       used 83458K, committed 84096K, reserved 1179648K
  class space    used 10911K, committed 11264K, reserved 1048576K
GC Heap History (20 events):
Event: 17837.214 GC heap after
{Heap after GC invocations=140 (full 0):
 garbage-first heap   total 133120K, used 34655K [0x0000000090c00000, 0x0000000100000000)
  region size 1024K, 1 young (1024K), 1 survivors (1024K)
 Metaspace       used 83456K, committed 84096K, reserved 1179648K
  class space    used 10910K, committed 11264K, reserved 1048576K
}
Event: 17838.564 GC heap before
{Heap before GC invocations=140 (full 0):
 garbage-first heap   total 133120K, used 113503K [0x0000000090c00000, 0x0000000100000000)
  region size 1024K, 78 young (79872K), 1 survivors (1024K)
 Metaspace       used 83456K, committed 84096K, reserved 1179648K
  class space    used 10910K, committed 11264K, reserved 1048576K
}
Event: 17838.567 GC heap after
{Heap after GC invocations=141 (full 0):
 garbage-first heap   total 133120K, used 34455K [0x0000000090c00000, 0x0000000100000000)
  region size 1024K, 1 young (1024K), 1 survivors (1024K)
 Metaspace       used 83456K, committed 84096K, reserved 1179648K
  class space    used 10910K, committed 11264K, reserved 1048576K
}
Event: 17840.864 GC heap before
{Heap before GC invocations=142 (full 0):
 garbage-first heap   total 133120K, used 113303K [0x0000000090c00000, 0x0000000100000000)
  region size 1024K, 78 young (79872K), 1 survivors (1024K)
 Metaspace       used 83456K, committed 84096K, reserved 1179648K
  class space    used 10910K, committed 11264K, reserved 1048576K
}
Event: 17840.867 GC heap after
{Heap after GC invocations=143 (full 0):
 garbage-first heap   total 133120K, used 34496K [0x0000000090c00000, 0x0000000100000000)
  region size 1024K, 1 young (1024K), 1 survivors (1024K)
 Metaspace       used 83456K, committed 84096K, reserved 1179648K
  class space    used 10910K, committed 11264K, reserved 1048576K
}
Event: 17841.134 GC heap before
{Heap before GC invocations=143 (full 0):
 garbage-first heap   total 133120K, used 39616K [0x0000000090c00000, 0x0000000100000000)
  region size 1024K, 6 young (6144K), 1 survivors (1024K)
 Metaspace       used 83456K, committed 84096K, reserved 1179648K
  class space    used 10910K, committed 11264K, reserved 1048576K
}
Event: 17841.140 GC heap after
{Heap after GC invocations=144 (full 0):
 garbage-first heap   total 133120K, used 34581K [0x0000000090c00000, 0x0000000100000000)
  region size 1024K, 1 young (1024K), 1 survivors (1024K)
 Metaspace       used 83456K, committed 84096K, reserved 1179648K
  class space    used 10910K, committed 11264K, reserved 1048576K
}
Event: 17842.266 GC heap before
{Heap before GC invocations=144 (full 0):
 garbage-first heap   total 133120K, used 113429K [0x0000000090c00000, 0x0000000100000000)
  region size 1024K, 78 young (79872K), 1 survivors (1024K)
 Metaspace       used 83456K, committed 84096K, reserved 1179648K
  class space    used 10910K, committed 11264K, reserved 1048576K
}
Event: 17842.269 GC heap after
{Heap after GC invocations=145 (full 0):
 garbage-first heap   total 133120K, used 34424K [0x0000000090c00000, 0x0000000100000000)
  region size 1024K, 1 young (1024K), 1 survivors (1024K)
 Metaspace       used 83456K, committed 84096K, reserved 1179648K
  class space    used 10910K, committed 11264K, reserved 1048576K
}
Event: 17842.875 GC heap before
{Heap before GC invocations=146 (full 0):
 garbage-first heap   total 133120K, used 112248K [0x0000000090c00000, 0x0000000100000000)
  region size 1024K, 78 young (79872K), 1 survivors (1024K)
 Metaspace       used 83457K, committed 84096K, reserved 1179648K
  class space    used 10911K, committed 11264K, reserved 1048576K
}
Event: 17842.877 GC heap after
{Heap after GC invocations=147 (full 0):
 garbage-first heap   total 133120K, used 34610K [0x0000000090c00000, 0x0000000100000000)
  region size 1024K, 1 young (1024K), 1 survivors (1024K)
 Metaspace       used 83457K, committed 84096K, reserved 1179648K
  class space    used 10911K, committed 11264K, reserved 1048576K
}
Event: 17842.915 GC heap before
{Heap before GC invocations=147 (full 0):
 garbage-first heap   total 133120K, used 39730K [0x0000000090c00000, 0x0000000100000000)
  region size 1024K, 6 young (6144K), 1 survivors (1024K)
 Metaspace       used 83457K, committed 84096K, reserved 1179648K
  class space    used 10911K, committed 11264K, reserved 1048576K
}
Event: 17842.919 GC heap after
{Heap after GC invocations=148 (full 0):
 garbage-first heap   total 133120K, used 34489K [0x0000000090c00000, 0x0000000100000000)
  region size 1024K, 1 young (1024K), 1 survivors (1024K)
 Metaspace       used 83457K, committed 84096K, reserved 1179648K
  class space    used 10911K, committed 11264K, reserved 1048576K
}
Event: 17843.729 GC heap before
{Heap before GC invocations=148 (full 0):
 garbage-first heap   total 133120K, used 113337K [0x0000000090c00000, 0x0000000100000000)
  region size 1024K, 78 young (79872K), 1 survivors (1024K)
 Metaspace       used 83457K, committed 84096K, reserved 1179648K
  class space    used 10911K, committed 11264K, reserved 1048576K
}
Event: 17843.731 GC heap after
{Heap after GC invocations=149 (full 0):
 garbage-first heap   total 133120K, used 34527K [0x0000000090c00000, 0x0000000100000000)
  region size 1024K, 1 young (1024K), 1 survivors (1024K)
 Metaspace       used 83457K, committed 84096K, reserved 1179648K
  class space    used 10911K, committed 11264K, reserved 1048576K
}
Event: 17844.456 GC heap before
{Heap before GC invocations=150 (full 0):
 garbage-first heap   total 133120K, used 113375K [0x0000000090c00000, 0x0000000100000000)
  region size 1024K, 78 young (79872K), 1 survivors (1024K)
 Metaspace       used 83458K, committed 84096K, reserved 1179648K
  class space    used 10911K, committed 11264K, reserved 1048576K
}
Event: 17844.457 GC heap after
{Heap after GC invocations=151 (full 0):
 garbage-first heap   total 133120K, used 34402K [0x0000000090c00000, 0x0000000100000000)
  region size 1024K, 1 young (1024K), 1 survivors (1024K)
 Metaspace       used 83458K, committed 84096K, reserved 1179648K
  class space    used 10911K, committed 11264K, reserved 1048576K
}
Event: 17844.488 GC heap before
{Heap before GC invocations=151 (full 0):
 garbage-first heap   total 133120K, used 39522K [0x0000000090c00000, 0x0000000100000000)
  region size 1024K, 6 young (6144K), 1 survivors (1024K)
 Metaspace       used 83458K, committed 84096K, reserved 1179648K
  class space    used 10911K, committed 11264K, reserved 1048576K
}
Event: 17844.493 GC heap after
{Heap after GC invocations=152 (full 0):
 garbage-first heap   total 133120K, used 34359K [0x0000000090c00000, 0x0000000100000000)
  region size 1024K, 1 young (1024K), 1 survivors (1024K)
 Metaspace       used 83458K, committed 84096K, reserved 1179648K
  class space    used 10911K, committed 11264K, reserved 1048576K
}
Event: 17846.587 GC heap before
{Heap before GC invocations=152 (full 0):
 garbage-first heap   total 133120K, used 112183K [0x0000000090c00000, 0x0000000100000000)
  region size 1024K, 78 young (79872K), 1 survivors (1024K)
 Metaspace       used 83458K, committed 84096K, reserved 1179648K
  class space    used 10911K, committed 11264K, reserved 1048576K
}

